DEBUG - Sample debug message
INFO - Sample info message
WARN - Sample warn message
ERROR - Sample error message
FATAL - Sample fatal message
INFO - Get MealDAO
INFO - Get MealDAO
WARN - Get MealDAO
WARN - Get MealDAO
ERROR - Get MealDAO
ERROR - Get MealDAO
INFO - Get MealDAO
WARN - Get MealDAO
ERROR - Get MealDAO
INFO - Get MealDAO
WARN - Get MealDAO
ERROR - Get MealDAO
DEBUG - Sample debug message
INFO - Sample info message
WARN - Sample warn message
ERROR - Sample error message
FATAL - Sample fatal message
INFO - Get MealDAO
WARN - Get MealDAO
ERROR - Get MealDAO
INFO - Get MealDAO
WARN - Get MealDAO
ERROR - Get MealDAO
INFO - Get MealDAO
WARN - Get MealDAO
ERROR - Get MealDAO
INFO - Get MealDAO
WARN - Get MealDAO
ERROR - Get MealDAO
INFO - Get MealDAO
WARN - Get MealDAO
ERROR - Get MealDAO
INFO - Get MealDAO
WARN - Get MealDAO
ERROR - Get MealDAO
INFO - Get MealDAO
WARN - Get MealDAO
ERROR - Get MealDAO
DEBUG - Sample debug message
INFO - Sample info message
WARN - Sample warn message
ERROR - Sample error message
FATAL - Sample fatal message
DEBUG - Sample debug message
INFO - Sample info message
WARN - Sample warn message
ERROR - Sample error message
FATAL - Sample fatal message
INFO - Get MealDAO
WARN - Get MealDAO
ERROR - Get MealDAO
INFO - Get MealDAO
WARN - Get MealDAO
ERROR - Get MealDAO
DEBUG - Sample debug message
INFO - Sample info message
WARN - Sample warn message
ERROR - Sample error message
FATAL - Sample fatal message
INFO - Get MealDAO
WARN - Get MealDAO
ERROR - Get MealDAO
INFO - Get MealDAO
WARN - Get MealDAO
ERROR - Get MealDAO
DEBUG - Sample debug message
INFO - Sample info message
WARN - Sample warn message
ERROR - Sample error message
FATAL - Sample fatal message
INFO - Get MealDAO
WARN - Get MealDAO
ERROR - Get MealDAO
INFO - Get MealDAO
WARN - Get MealDAO
ERROR - Get MealDAO
DEBUG - Sample debug message
INFO - Sample info message
WARN - Sample warn message
ERROR - Sample error message
FATAL - Sample fatal message
DEBUG - Sample debug message
INFO - Sample info message
WARN - Sample warn message
ERROR - Sample error message
FATAL - Sample fatal message
DEBUG - Sample debug message
INFO - Sample info message
WARN - Sample warn message
ERROR - Sample error message
FATAL - Sample fatal message
